\BOOKMARK [0][-]{chapter.1}{\376\377\000I\000n\000t\000r\000o\000d\000u\000c\000t\000i\000o\000n}{}% 1
\BOOKMARK [1][-]{section.1.1}{\376\377\000C\000o\000n\000t\000e\000x\000t\000\040\000a\000n\000d\000\040\000R\000e\000l\000e\000v\000a\000n\000c\000e\000\040\000o\000f\000\040\000L\000e\000g\000a\000l\000\040\000I\000n\000f\000o\000r\000m\000a\000t\000i\000o\000n\000\040\000D\000i\000s\000c\000l\000o\000s\000u\000r\000e\000\040\000-\000\040\000D\000R\000A\000F\000T}{chapter.1}% 2
\BOOKMARK [1][-]{section.1.2}{\376\377\000S\000t\000a\000t\000e\000\040\000o\000f\000\040\000t\000h\000e\000\040\000A\000r\000t\000\040\000D\000R\000A\000F\000T}{chapter.1}% 3
\BOOKMARK [1][-]{section.1.3}{\376\377\000R\000e\000s\000e\000a\000r\000c\000h\000\040\000Q\000u\000e\000s\000t\000i\000o\000n\000\040\000\050\000S\000M\0002\000\051\000\040\000D\000R\000A\000F\000T}{chapter.1}% 4
\BOOKMARK [1][-]{section.1.4}{\376\377\000M\000e\000t\000h\000o\000d\000\040\000o\000r\000\040\000A\000p\000p\000r\000o\000a\000c\000h\000\040\000\050\000S\000M\0003\000,\000\040\000S\000M\0004\000\051\000\040\000D\000R\000A\000F\000T}{chapter.1}% 5
\BOOKMARK [1][-]{section.1.5}{\376\377\000F\000i\000n\000d\000i\000n\000g\000s\000\040\000\050\000S\000M\0005\000,\000\040\000S\000M\0006\000\051\000\040\000T\000O\000\040\000B\000E\000\040\000D\000O\000N\000E\000\040\000A\000T\000\040\000T\000H\000E\000\040\000E\000N\000D}{chapter.1}% 6
\BOOKMARK [0][-]{chapter.2}{\376\377\000B\000a\000c\000k\000g\000r\000o\000u\000n\000d\000\040\000\050\000S\000M\0001\000\051}{}% 7
\BOOKMARK [0][-]{chapter.3}{\376\377\000P\000r\000o\000b\000l\000e\000m\000\040\000E\000x\000p\000o\000s\000i\000t\000i\000o\000n\000\040\000\050\000o\000p\000t\000i\000o\000n\000a\000l\000\040\000-\000>\000\040\000P\000R\000O\000B\000A\000B\000L\000Y\000\040\000N\000O\000T\000\040\000N\000E\000E\000D\000E\000D\000\051}{}% 8
\BOOKMARK [1][-]{section.3.1}{\376\377\000C\000o\000n\000t\000e\000x\000t\000/\000B\000u\000s\000i\000n\000e\000s\000s\000\040\000U\000n\000d\000e\000r\000s\000t\000a\000n\000d\000i\000n\000g\000\040\000\050\000S\000M\0001\000\051}{chapter.3}% 9
\BOOKMARK [1][-]{section.3.2}{\376\377\000D\000a\000t\000a\000\040\000U\000n\000d\000e\000r\000s\000t\000a\000n\000d\000i\000n\000g\000\040\000\050\000S\000M\0001\000\051}{chapter.3}% 10
\BOOKMARK [1][-]{section.3.3}{\376\377\000D\000e\000t\000a\000i\000l\000e\000d\000\040\000R\000e\000s\000e\000a\000r\000c\000h\000\040\000Q\000u\000e\000s\000t\000i\000o\000n\000s\000\040\000\050\000S\000M\0002\000\051}{chapter.3}% 11
\BOOKMARK [1][-]{section.3.4}{\376\377\000D\000e\000t\000a\000i\000l\000e\000d\000\040\000M\000e\000t\000h\000o\000d\000\040\000\050\000S\000M\0003\000\051}{chapter.3}% 12
\BOOKMARK [0][-]{chapter.4}{\376\377\000F\000i\000r\000s\000t\000\040\000R\000e\000a\000l\000\040\000C\000h\000a\000p\000t\000e\000r\000\040\000a\000d\000d\000r\000e\000s\000s\000i\000n\000g\000\040\000f\000i\000r\000s\000t\000\040\000R\000e\000s\000e\000a\000r\000c\000h\000\040\000P\000r\000o\000b\000l\000e\000m}{}% 13
\BOOKMARK [1][-]{section.4.1}{\376\377\000F\000i\000r\000s\000t\000\040\000S\000u\000b\000-\000P\000r\000o\000b\000l\000e\000m}{chapter.4}% 14
\BOOKMARK [1][-]{section.4.2}{\376\377\000S\000e\000c\000o\000n\000d\000\040\000S\000u\000b\000-\000P\000r\000o\000b\000l\000e\000m}{chapter.4}% 15
\BOOKMARK [0][-]{chapter.5}{\376\377\000S\000e\000c\000o\000n\000d\000\040\000R\000e\000a\000l\000\040\000C\000h\000a\000p\000t\000e\000r}{}% 16
\BOOKMARK [0][-]{chapter.6}{\376\377\000E\000v\000a\000l\000u\000a\000t\000i\000o\000n}{}% 17
\BOOKMARK [1][-]{section.6.1}{\376\377\000O\000b\000j\000e\000c\000t\000i\000v\000e\000\040\000\050\000S\000M\0002\000\051}{chapter.6}% 18
\BOOKMARK [1][-]{section.6.2}{\376\377\000S\000e\000t\000u\000p\000\040\000\050\000S\000M\0003\000\051}{chapter.6}% 19
\BOOKMARK [1][-]{section.6.3}{\376\377\000E\000x\000e\000c\000u\000t\000i\000o\000n\000\040\000\050\000S\000M\0004\000\051}{chapter.6}% 20
\BOOKMARK [1][-]{section.6.4}{\376\377\000R\000e\000s\000u\000l\000t\000s\000\040\000\050\000S\000M\0005\000\051}{chapter.6}% 21
\BOOKMARK [1][-]{section.6.5}{\376\377\000D\000i\000s\000c\000u\000s\000s\000i\000o\000n\000\040\000\050\000S\000M\0006\000\051}{chapter.6}% 22
\BOOKMARK [0][-]{chapter.7}{\376\377\000C\000o\000n\000c\000l\000u\000s\000i\000o\000n}{}% 23
\BOOKMARK [0][-]{chapter*.4}{\376\377\000A\000P\000P\000E\000N\000D\000I\000C\000E\000S}{}% 24
\BOOKMARK [0][-]{appendix.A}{\376\377\000M\000y\000\040\000f\000i\000r\000s\000t\000\040\000a\000p\000p\000e\000n\000d\000i\000x}{}% 25
